"../../../../../../Users/Professional/Documents/Unreal Projects/DG_Project/Content/Meshes/Props/Wood.uasset" 0
"../../../../../../Users/Professional/Documents/Unreal Projects/DG_Project/Content/Meshes/Props/WhitePaint.uasset" 1
"../../../../../../Users/Professional/Documents/Unreal Projects/DG_Project/Content/Meshes/Props/Metall.uasset" 2
"../../../../../../Users/Professional/Documents/Unreal Projects/DG_Project/Content/Meshes/Props/BlueRoofTiles.uasset" 3
"../../../../../../Users/Professional/Documents/Unreal Projects/DG_Project/Content/Meshes/Props/The_Mill.uasset" 4
"../../../../../../Users/Professional/Documents/Unreal Projects/DG_Project/Content/Meshes/Props/The_Mill_Blades.uasset" 5
"../../../../../../Users/Professional/Documents/Unreal Projects/DG_Project/Content/Blueprints/Props/TheMill.uasset" 6
"../../../../../../Users/Professional/Documents/Unreal Projects/DG_Project/Content/StarterContent/Materials/M_Basic_Wall.uasset" 7
"../../../../../../Users/Professional/Documents/Unreal Projects/DG_Project/Content/StarterContent/Shapes/Shape_Tube.uasset" 8
"../../../../../../Users/Professional/Documents/Unreal Projects/DG_Project/Content/Blueprints/test/ActorBp.uasset" 9
"../../../../../../Users/Professional/Documents/Unreal Projects/DG_Project/Content/Blueprints/test/ActChildBP.uasset" 10
"../../../../../../Users/Professional/Documents/Unreal Projects/DG_Project/Content/Materials/Grass.uasset" 11
"../../../../../../Users/Professional/Documents/Unreal Projects/DG_Project/Content/Materials/Water_Inst1.uasset" 12
"../../../../../../Users/Professional/Documents/Unreal Projects/DG_Project/Content/Meshes/Character/Materials/Material_008.uasset" 13
"../../../../../../Users/Professional/Documents/Unreal Projects/DG_Project/Content/Meshes/Character/Materials/Material_010.uasset" 14
"../../../../../../Users/Professional/Documents/Unreal Projects/DG_Project/Content/Meshes/Character/Materials/Material_011.uasset" 15
"../../../../../../Users/Professional/Documents/Unreal Projects/DG_Project/Content/Meshes/Character/Materials/Material_012.uasset" 16
"../../../../../../Users/Professional/Documents/Unreal Projects/DG_Project/Content/Meshes/Character/Materials/Material_014.uasset" 17
"../../../../../../Users/Professional/Documents/Unreal Projects/DG_Project/Content/Meshes/Character/Materials/Material_015.uasset" 18
"../../../../../../Users/Professional/Documents/Unreal Projects/DG_Project/Content/Meshes/Character/Materials/Material_016.uasset" 19
"../../../../../../Users/Professional/Documents/Unreal Projects/DG_Project/Content/Meshes/Character/Materials/Material_017.uasset" 20
"../../../../../../Users/Professional/Documents/Unreal Projects/DG_Project/Content/Meshes/HexagonMesh/Environment/Rock.uasset" 21
"../../../../../../Users/Professional/Documents/Unreal Projects/DG_Project/Content/Meshes/HexagonMesh/Environment/Rock_Inst.uasset" 22
"../../../../../../Users/Professional/Documents/Unreal Projects/DG_Project/Content/Meshes/HexagonMesh/BottomLandscape.uasset" 23
"../../../../../../Users/Professional/Documents/Unreal Projects/DG_Project/Content/Meshes/HexagonMesh/Forest.uasset" 24
"../../../../../../Users/Professional/Documents/Unreal Projects/DG_Project/Content/Meshes/HexagonMesh/ForestAutumn_Inst.uasset" 25
"../../../../../../Users/Professional/Documents/Unreal Projects/DG_Project/Content/Meshes/HexagonMesh/ForestWinter_Inst.uasset" 26
"../../../../../../Users/Professional/Documents/Unreal Projects/DG_Project/Content/Meshes/HexagonMesh/Environment/Lake1.uasset" 27
"../../../../../../Users/Professional/Documents/Unreal Projects/DG_Project/Content/Meshes/HexagonMesh/Environment/LakeWinter_Inst.uasset" 28
"../../../../../../Users/Professional/Documents/Unreal Projects/DG_Project/Content/Meshes/HexagonMesh/Environment/Lake_Inst.uasset" 29
"../../../../../../Users/Professional/Documents/Unreal Projects/DG_Project/Content/Materials/Grass_Inst2.uasset" 30
"../../../../../../Users/Professional/Documents/Unreal Projects/DG_Project/Content/Meshes/HexagonMesh/Environment/Mount_Low.uasset" 31
"../../../../../../Users/Professional/Documents/Unreal Projects/DG_Project/Content/Meshes/Props/Material.uasset" 32
"../../../../../../Users/Professional/Documents/Unreal Projects/DG_Project/Content/Meshes/Props/ddd.uasset" 33
"../../../../../../Users/Professional/Documents/Unreal Projects/DG_Project/Content/StarterContent/Architecture/Wall_400x300.uasset" 34
"../../../../../../Users/Professional/Documents/Unreal Projects/DG_Project/Content/StarterContent/Architecture/Wall_400x400.uasset" 35
"../../../../../../Users/Professional/Documents/Unreal Projects/DG_Project/Content/StarterContent/Architecture/Wall_500x500.uasset" 36
"../../../../../../Users/Professional/Documents/Unreal Projects/DG_Project/Content/StarterContent/Architecture/Wall_Door_400x400.uasset" 37
"../../../../../../Users/Professional/Documents/Unreal Projects/DG_Project/Content/StarterContent/Architecture/Wall_Window_400x400.uasset" 38
"../../../../../../Users/Professional/Documents/Unreal Projects/DG_Project/Content/StarterContent/Audio/Collapse01.uasset" 39
"../../../../../../Users/Professional/Documents/Unreal Projects/DG_Project/Content/StarterContent/Audio/Collapse02.uasset" 40
"../../../../../../Users/Professional/Documents/Unreal Projects/DG_Project/Content/StarterContent/Audio/Explosion01.uasset" 41
"../../../../../../Users/Professional/Documents/Unreal Projects/DG_Project/Content/StarterContent/Audio/Explosion02.uasset" 42
"../../../../../../Users/Professional/Documents/Unreal Projects/DG_Project/Content/StarterContent/Audio/Fire01.uasset" 43
"../../../../../../Users/Professional/Documents/Unreal Projects/DG_Project/Content/StarterContent/Audio/Fire_Sparks01.uasset" 44
"../../../../../../Users/Professional/Documents/Unreal Projects/DG_Project/Content/StarterContent/Audio/Light01.uasset" 45
"../../../../../../Users/Professional/Documents/Unreal Projects/DG_Project/Content/StarterContent/Audio/Light01_Cue.uasset" 46
"../../../../../../Users/Professional/Documents/Unreal Projects/DG_Project/Content/StarterContent/Audio/Light02.uasset" 47
"../../../../../../Users/Professional/Documents/Unreal Projects/DG_Project/Content/StarterContent/Audio/Light02_Cue.uasset" 48
"../../../../../../Users/Professional/Documents/Unreal Projects/DG_Project/Content/StarterContent/Audio/Smoke01.uasset" 49
"../../../../../../Users/Professional/Documents/Unreal Projects/DG_Project/Content/StarterContent/Audio/Starter_Birds01.uasset" 50
"../../../../../../Users/Professional/Documents/Unreal Projects/DG_Project/Content/StarterContent/Audio/Starter_Music01.uasset" 51
"../../../../../../Users/Professional/Documents/Unreal Projects/DG_Project/Content/StarterContent/Audio/Starter_Wind05.uasset" 52
"../../../../../../Users/Professional/Documents/Unreal Projects/DG_Project/Content/StarterContent/Audio/Starter_Wind06.uasset" 53
"../../../../../../Users/Professional/Documents/Unreal Projects/DG_Project/Content/StarterContent/Audio/Steam01.uasset" 54
"../../../../../../Users/Professional/Documents/Unreal Projects/DG_Project/Content/StarterContent/Textures/T_Smoke_Tiled_D.uasset" 55
"../../../../../../Users/Professional/Documents/Unreal Projects/DG_Project/Content/StarterContent/Textures/T_Smoke_SubUV.uasset" 56
"../../../../../../Users/Professional/Documents/Unreal Projects/DG_Project/Content/StarterContent/Particles/Materials/M_smoke_subUV.uasset" 57
"../../../Engine/Content/Functions/Engine_MaterialFunctions01/Gradient/RadialGradient.uasset" 58
"../../../../../../Users/Professional/Documents/Unreal Projects/DG_Project/Content/StarterContent/Particles/Materials/M_radial_ramp.uasset" 59
"../../../../../../Users/Professional/Documents/Unreal Projects/DG_Project/Content/StarterContent/Particles/Materials/m_flare_01.uasset" 60
"../../../../../../Users/Professional/Documents/Unreal Projects/DG_Project/Content/StarterContent/Textures/T_Explosion_SubUV.uasset" 61
"../../../../../../Users/Professional/Documents/Unreal Projects/DG_Project/Content/StarterContent/Particles/Materials/M_explosion_subUV.uasset" 62
"../../../../../../Users/Professional/Documents/Unreal Projects/DG_Project/Content/StarterContent/Textures/T_Burst_M.uasset" 63
"../../../../../../Users/Professional/Documents/Unreal Projects/DG_Project/Content/StarterContent/Particles/Materials/M_Burst.uasset" 64
"../../../../../../Users/Professional/Documents/Unreal Projects/DG_Project/Content/StarterContent/Particles/P_Explosion.uasset" 65
"../../../../../../Users/Professional/Documents/Unreal Projects/DG_Project/Content/StarterContent/Audio/Explosion_Cue.uasset" 66
"../../../../../../Users/Professional/Documents/Unreal Projects/DG_Project/Content/StarterContent/Blueprints/Blueprint_Effect_Explosion.uasset" 67
"../../../Engine/Content/EditorMeshes/ColorCalibrator/T_ColorGrid.uasset" 68
"../../../../../../Users/Professional/Documents/Unreal Projects/DG_Project/Content/StarterContent/Materials/M_ColorGrid_LowSpec.uasset" 69
"../../../../../../Users/Professional/Documents/Unreal Projects/DG_Project/Content/StarterContent/Textures/T_Bush_N.uasset" 70
"../../../../../../Users/Professional/Documents/Unreal Projects/DG_Project/Content/StarterContent/Textures/T_Bush_D.uasset" 71
"../../../../../../Users/Professional/Documents/Unreal Projects/DG_Project/Content/StarterContent/Props/Materials/M_Bush.uasset" 72
"../../../../../../Users/Professional/Documents/Unreal Projects/DG_Project/Content/StarterContent/Props/SM_Bush.uasset" 73
"../../../../../../Users/Professional/Documents/Unreal Projects/DG_Project/Content/StarterContent/Textures/T_Chair_N.uasset" 74
"../../../../../../Users/Professional/Documents/Unreal Projects/DG_Project/Content/StarterContent/Textures/T_Chair_M.uasset" 75
"../../../../../../Users/Professional/Documents/Unreal Projects/DG_Project/Content/StarterContent/Props/Materials/M_Chair.uasset" 76
"../../../../../../Users/Professional/Documents/Unreal Projects/DG_Project/Content/StarterContent/Props/SM_Couch.uasset" 77
"../../../../../../Users/Professional/Documents/Unreal Projects/DG_Project/Content/StarterContent/Materials/M_Glass.uasset" 78
"../../../../../../Users/Professional/Documents/Unreal Projects/DG_Project/Content/StarterContent/Textures/T_Door_N.uasset" 79
"../../../../../../Users/Professional/Documents/Unreal Projects/DG_Project/Content/StarterContent/Textures/T_Door_M.uasset" 80
"../../../../../../Users/Professional/Documents/Unreal Projects/DG_Project/Content/StarterContent/Props/Materials/M_Door.uasset" 81
"../../../../../../Users/Professional/Documents/Unreal Projects/DG_Project/Content/StarterContent/Props/SM_Door.uasset" 82
"../../../../../../Users/Professional/Documents/Unreal Projects/DG_Project/Content/Structure/SizeEnum.uasset" 83
"../../../../../../Users/Professional/Documents/Unreal Projects/DG_Project/Content/Structure/WorldGenerationNetworkData.uasset" 84
"../../../../../../Users/Professional/Documents/Unreal Projects/DG_Project/Content/Structure/WorldGenerationHexagonData.uasset" 85
"../../../../../../Users/Professional/Documents/Unreal Projects/DG_Project/Content/Structure/OceanClusterType.uasset" 86
"../../../../../../Users/Professional/Documents/Unreal Projects/DG_Project/Content/Structure/OceanClusterSave.uasset" 87
"../../../../../../Users/Professional/Documents/Unreal Projects/DG_Project/Content/Structure/Biomes.uasset" 88
"../../../../../../Users/Professional/Documents/Unreal Projects/DG_Project/Content/Structure/IslandsOnWorldMap.uasset" 89
"../../../../../../Users/Professional/Documents/Unreal Projects/DG_Project/Content/Structure/TimeOfTheDay.uasset" 90
"../../../../../../Users/Professional/Documents/Unreal Projects/DG_Project/Content/Blueprints/TurnBased/WorldTurnComponent.uasset" 91
"../../../Engine/Content/EditorBlueprintResources/StandardMacros.uasset" 92
"../../../../../../Users/Professional/Documents/Unreal Projects/DG_Project/Content/Structure/OceanCluster.uasset" 93
"../../../../../../Users/Professional/Documents/Unreal Projects/DG_Project/Content/Structure/HexagonCellOwner.uasset" 94
"../../Plugins/Developer/AnimationSharing/Content/AnimSharingBase.uasset" 95
"../../Plugins/Developer/AnimationSharing/Content/AnimSharingGreen.uasset" 96
"../../Plugins/Enterprise/DatasmithContent/Content/Materials/AliasMaster.uasset" 97
"../../../Engine/Content/EngineMaterials/T_Default_Material_Grid_N.uasset" 98
"../../../Engine/Content/EngineMaterials/T_Default_Material_Grid_M.uasset" 99
"../../../Engine/Content/Functions/Engine_MaterialFunctions01/Opacity/CameraDepthFade.uasset" 100
"../../../Engine/Content/EngineMaterials/WorldGridMaterial.uasset" 101
"../../../../../../Users/Professional/Documents/Unreal Projects/DG_Project/Content/Meshes/HexagonMesh/RandomCorners/Landscape_Ogr_1el_3.uasset" 102
"../../../../../../Users/Professional/Documents/Unreal Projects/DG_Project/Content/Meshes/HexagonMesh/RandomCorners/Landscape_Ogr_1el_2.uasset" 103
"../../../../../../Users/Professional/Documents/Unreal Projects/DG_Project/Content/Meshes/HexagonMesh/RandomCorners/Landscape_Ogr_1el_1.uasset" 104
"../../../../../../Users/Professional/Documents/Unreal Projects/DG_Project/Content/Meshes/HexagonMesh/HexBoarder.uasset" 105
"../../../Engine/Content/MapTemplates/Materials/BasicAsset03.uasset" 106
"../../../Engine/Content/MapTemplates/Materials/BasicAsset01.uasset" 107
"../../Plugins/Developer/AnimationSharing/Content/AnimSharingRed.uasset" 108
"../../../../../../Users/Professional/Documents/Unreal Projects/DG_Project/Content/Blueprints/GameSettings/WorldStorage.uasset" 109
"../../../../../../Users/Professional/Documents/Unreal Projects/DG_Project/Content/Blueprints/UserInterface/SaveGameSlot.uasset" 110
"../../../../../../Users/Professional/Documents/Unreal Projects/DG_Project/Content/Blueprints/UserInterface/ServerSlot.uasset" 111
"../../../../../../Users/Professional/Documents/Unreal Projects/DG_Project/Content/Blueprints/UserInterface/NetworkMenu.uasset" 112
"../../../../../../Users/Professional/Documents/Unreal Projects/DG_Project/Content/Structure/islandGenerationHexagonData.uasset" 113
"../../../../../../Users/Professional/Documents/Unreal Projects/DG_Project/Content/StarterContent/Textures/T_Metal_Copper_D.uasset" 114
"../../../../../../Users/Professional/Documents/Unreal Projects/DG_Project/Content/StarterContent/Textures/T_Metal_Gold_N.uasset" 115
"../../../../../../Users/Professional/Documents/Unreal Projects/DG_Project/Content/StarterContent/Textures/T_MacroVariation.uasset" 116
"../../../../../../Users/Professional/Documents/Unreal Projects/DG_Project/Content/StarterContent/Materials/M_Metal_Copper.uasset" 117
"../../../../../../Users/Professional/Documents/Unreal Projects/DG_Project/Content/Meshes/HexagonMesh/RandomCorners/Ogr_4el_3.uasset" 118
"../../../../../../Users/Professional/Documents/Unreal Projects/DG_Project/Content/Meshes/HexagonMesh/RandomCorners/Ogr_4el_2.uasset" 119
"../../../../../../Users/Professional/Documents/Unreal Projects/DG_Project/Content/Meshes/HexagonMesh/RandomCorners/Ogr_4el_1.uasset" 120
"../../../../../../Users/Professional/Documents/Unreal Projects/DG_Project/Content/Meshes/HexagonMesh/RandomCorners/Ogr_3el_3.uasset" 121
"../../../../../../Users/Professional/Documents/Unreal Projects/DG_Project/Content/Meshes/HexagonMesh/RandomCorners/Ogr_3el_2.uasset" 122
"../../../../../../Users/Professional/Documents/Unreal Projects/DG_Project/Content/Meshes/HexagonMesh/RandomCorners/Ogr_3el_1.uasset" 123
"../../../../../../Users/Professional/Documents/Unreal Projects/DG_Project/Content/Meshes/HexagonMesh/RandomCorners/Ogr_2el_6.uasset" 124
"../../../../../../Users/Professional/Documents/Unreal Projects/DG_Project/Content/Meshes/HexagonMesh/RandomCorners/Ogr_2el_5.uasset" 125
"../../../../../../Users/Professional/Documents/Unreal Projects/DG_Project/Content/Meshes/HexagonMesh/RandomCorners/Ogr_2el_4.uasset" 126
"../../../../../../Users/Professional/Documents/Unreal Projects/DG_Project/Content/Meshes/HexagonMesh/RandomCorners/Ogr_2el_3.uasset" 127
"../../../../../../Users/Professional/Documents/Unreal Projects/DG_Project/Content/Meshes/HexagonMesh/RandomCorners/Ogr_2el_2.uasset" 128
"../../../../../../Users/Professional/Documents/Unreal Projects/DG_Project/Content/Meshes/HexagonMesh/RandomCorners/Ogr_2el_1.uasset" 129
"../../../../../../Users/Professional/Documents/Unreal Projects/DG_Project/Content/Meshes/HexagonMesh/Environment/Wood.uasset" 130
"../../../../../../Users/Professional/Documents/Unreal Projects/DG_Project/Content/Meshes/HexagonMesh/Forest_Inst.uasset" 131
"../../../../../../Users/Professional/Documents/Unreal Projects/DG_Project/Content/Meshes/HexagonMesh/Environment/Trees.uasset" 132
"../../../../../../Users/Professional/Documents/Unreal Projects/DG_Project/Content/Meshes/HexagonMesh/Environment/Snow.uasset" 133
"../../../../../../Users/Professional/Documents/Unreal Projects/DG_Project/Content/Meshes/HexagonMesh/Environment/Mount.uasset" 134
"../../../../../../Users/Professional/Documents/Unreal Projects/DG_Project/Content/Meshes/HexagonMesh/Environment/Lake.uasset" 135
"../../../../../../Users/Professional/Documents/Unreal Projects/DG_Project/Content/Materials/HexWater.uasset" 136
"../../../../../../Users/Professional/Documents/Unreal Projects/DG_Project/Content/Materials/HexWater_Inst.uasset" 137
"../../../../../../Users/Professional/Documents/Unreal Projects/DG_Project/Content/Meshes/HexagonMesh/HexWater.uasset" 138
"../../../../../../Users/Professional/Documents/Unreal Projects/DG_Project/Content/Materials/Winter_Inst2.uasset" 139
"../../../../../../Users/Professional/Documents/Unreal Projects/DG_Project/Content/Materials/Winter_Inst1.uasset" 140
"../../../../../../Users/Professional/Documents/Unreal Projects/DG_Project/Content/Materials/Grass_Inst1.uasset" 141
"../../../../../../Users/Professional/Documents/Unreal Projects/DG_Project/Content/Materials/Autumn_Inst2.uasset" 142
"../../../../../../Users/Professional/Documents/Unreal Projects/DG_Project/Content/Materials/Autumn_Inst1.uasset" 143
"../../../../../../Users/Professional/Documents/Unreal Projects/DG_Project/Content/Meshes/HexagonMesh/Ground2.uasset" 144
"../../../../../../Users/Professional/Documents/Unreal Projects/DG_Project/Content/Meshes/HexagonMesh/BackgroundWater.uasset" 145
"../../../../../../Users/Professional/Documents/Unreal Projects/DG_Project/Content/Meshes/Character/Materials/Material_013.uasset" 146
"../../../../../../Users/Professional/Documents/Unreal Projects/DG_Project/Content/Blueprints/ProceduralGeneration/ProceduralHexagonalNetwork.uasset" 147
"../../../../../../Users/Professional/Documents/Unreal Projects/DG_Project/Content/Blueprints/GameSettings/GeneralSaveData.uasset" 148
"../../../../../../Users/Professional/Documents/Unreal Projects/DG_Project/Content/Blueprints/UserInterface/SaveMenu.uasset" 149
"../../../../../../Users/Professional/Documents/Unreal Projects/DG_Project/Content/Blueprints/UserInterface/MainMenu.uasset" 150
"../../../../../../Users/Professional/Documents/Unreal Projects/DG_Project/Content/Blueprints/ProceduralGeneration/ProceduralWorldGeneration.uasset" 151
"../../../../../../Users/Professional/Documents/Unreal Projects/DG_Project/Content/Meshes/HexagonMesh/HexArea.uasset" 152
"../../../../../../Users/Professional/Documents/Unreal Projects/DG_Project/Content/Meshes/HexagonMesh/Ground1.uasset" 153
"../../../../../../Users/Professional/Documents/Unreal Projects/DG_Project/Content/Meshes/HexagonMesh/Hex.uasset" 154
"../../../../../../Users/Professional/Documents/Unreal Projects/DG_Project/Content/Materials/HexArea.uasset" 155
"../../../../../../Users/Professional/Documents/Unreal Projects/DG_Project/Content/Materials/HexArea_Inst.uasset" 156
"../../../../../../Users/Professional/Documents/Unreal Projects/DG_Project/Content/Blueprints/ProceduralGeneration/HexagonCell.uasset" 157
"../../../../../../Users/Professional/Documents/Unreal Projects/DG_Project/Content/Structure/Island.uasset" 158
"../../../../../../Users/Professional/Documents/Unreal Projects/DG_Project/Content/Blueprints/UserInterface/WorldMapUI.uasset" 159
"../../../../../../Users/Professional/Documents/Unreal Projects/DG_Project/Content/Structure/WorldStorageSaveData.uasset" 160
"../../../Engine/Content/EditorBlueprintResources/ActorMacros.uasset" 161
"../../../../../../Users/Professional/Documents/Unreal Projects/DG_Project/Content/Blueprints/GameSettings/ReplicatedStorage.uasset" 162
"../../../../../../Users/Professional/Documents/Unreal Projects/DG_Project/Content/Blueprints/GameSettings/GameInst_DG.uasset" 163
"../../../../../../Users/Professional/Documents/Unreal Projects/DG_Project/Content/Blueprints/TurnBased/TurnSystem.uasset" 164
"../../../../../../Users/Professional/Documents/Unreal Projects/DG_Project/Content/Blueprints/GameSettings/PlayerController_DG.uasset" 165
"../../../../../../Users/Professional/Documents/Unreal Projects/DG_Project/Content/Structure/PlayersNetInfo.uasset" 166
"../../../../../../Users/Professional/Documents/Unreal Projects/DG_Project/Content/Blueprints/PlayerCharacter/PlayerColors.uasset" 167
"../../../../../../Users/Professional/Documents/Unreal Projects/DG_Project/Content/Meshes/Character/Materials/Material_023.uasset" 168
"../../../../../../Users/Professional/Documents/Unreal Projects/DG_Project/Content/Blueprints/PlayerCharacter/MovementComponent.uasset" 169
"../../../Engine/Content/Animation/DefaultAnimCurveCompressionSettings.uasset" 170
"../../../Engine/Content/Animation/DefaultAnimBoneCompressionSettings.uasset" 171
"../../../../../../Users/Professional/Documents/Unreal Projects/DG_Project/Content/Meshes/Character/Character_Skeleton.uasset" 172
"../../../../../../Users/Professional/Documents/Unreal Projects/DG_Project/Content/Meshes/Character/Animations/Standard_Walk.uasset" 173
"../../../../../../Users/Professional/Documents/Unreal Projects/DG_Project/Content/Meshes/Character/Animations/Running.uasset" 174
"../../../../../../Users/Professional/Documents/Unreal Projects/DG_Project/Content/Meshes/Character/Animations/Idle.uasset" 175
"../../../../../../Users/Professional/Documents/Unreal Projects/DG_Project/Content/Meshes/Character/Animations/MainCharacterBS.uasset" 176
"../../../../../../Users/Professional/Documents/Unreal Projects/DG_Project/Content/Blueprints/PlayerCharacter/Character_AnimBP.uasset" 177
"../../../../../../Users/Professional/Documents/Unreal Projects/DG_Project/Content/Meshes/Character/Character_PhysicsAsset.uasset" 178
"../../../../../../Users/Professional/Documents/Unreal Projects/DG_Project/Content/Meshes/Character/Materials/Material_025.uasset" 179
"../../../../../../Users/Professional/Documents/Unreal Projects/DG_Project/Content/Meshes/Character/Materials/Material_026.uasset" 180
"../../../../../../Users/Professional/Documents/Unreal Projects/DG_Project/Content/Meshes/Character/Materials/Material_018.uasset" 181
"../../../../../../Users/Professional/Documents/Unreal Projects/DG_Project/Content/Meshes/Character/Materials/Material_019.uasset" 182
"../../../../../../Users/Professional/Documents/Unreal Projects/DG_Project/Content/Meshes/Character/Materials/Material_020.uasset" 183
"../../../../../../Users/Professional/Documents/Unreal Projects/DG_Project/Content/Meshes/Character/Materials/Material_021.uasset" 184
"../../../../../../Users/Professional/Documents/Unreal Projects/DG_Project/Content/Meshes/Character/Materials/Material_022.uasset" 185
"../../../../../../Users/Professional/Documents/Unreal Projects/DG_Project/Content/Meshes/Character/Materials/Material_024.uasset" 186
"../../../../../../Users/Professional/Documents/Unreal Projects/DG_Project/Content/Meshes/Character/Character.uasset" 187
"../../../../../../Users/Professional/Documents/Unreal Projects/DG_Project/Content/Blueprints/PlayerCharacter/PlayerCharacter_DG.uasset" 188
"../../../../../../Users/Professional/Documents/Unreal Projects/DG_Project/Content/Blueprints/GameSettings/GameMode_DG.uasset" 189
"../../../../../../Users/Professional/Documents/Unreal Projects/DG_Project/Content/Blueprints/ProceduralGeneration/Biomes.uasset" 190
"../../../../../../Users/Professional/Documents/Unreal Projects/DG_Project/Content/Blueprints/ProceduralGeneration/islandGenerationHexagonData.uasset" 191
"../../../../../../Users/Professional/Documents/Unreal Projects/DG_Project/Content/Structure/IslandGenerationNetworkData.uasset" 192
"../../../../../../Users/Professional/Documents/Unreal Projects/DG_Project/Content/Blueprints/ProceduralGeneration/IslandGenerationNetworkData.uasset" 193
"../../../../../../Users/Professional/Documents/Unreal Projects/DG_Project/Content/Blueprints/ProceduralGeneration/IslandsOnWorldMap.uasset" 194
"../../../../../../Users/Professional/Documents/Unreal Projects/DG_Project/Content/Blueprints/ProceduralGeneration/SizeEnum.uasset" 195
"../../../../../../Users/Professional/Documents/Unreal Projects/DG_Project/Content/Blueprints/ProceduralGeneration/WorldGenerationNetworkData.uasset" 196
"../../../../../../Users/Professional/Documents/Unreal Projects/DG_Project/Content/Blueprints/ProceduralGeneration/WorldStorageSaveData.uasset" 197
"../../../../../../Users/Professional/Documents/Unreal Projects/DG_Project/Content/Levels/stats.uasset" 198
"../../../../../../Users/Professional/Documents/Unreal Projects/DG_Project/Content/Levels/Unit.uasset" 199
"../../../../../../Users/Professional/Documents/Unreal Projects/DG_Project/Content/StarterContent/Architecture/Pillar_50x500.uasset" 200
"../../../../../../Users/Professional/Documents/Unreal Projects/DG_Project/Content/Blueprints/test/Hero.uasset" 201
"../../../../../../Users/Professional/Documents/Unreal Projects/DG_Project/Content/Blueprints/test/MainMenu.uasset" 202
"../../../../../../Users/Professional/Documents/Unreal Projects/DG_Project/Content/Blueprints/TurnBased/WorldTurnSystem.uasset" 203
"../../../../../../Users/Professional/Documents/Unreal Projects/DG_Project/Content/StarterContent/Props/Materials/M_MaterialSphere_Plain.uasset" 204
"../../../../../../Users/Professional/Documents/Unreal Projects/DG_Project/Content/StarterContent/Props/Materials/M_MaterialSphere.uasset" 205
"../../../../../../Users/Professional/Documents/Unreal Projects/DG_Project/Content/StarterContent/Props/SM_MatPreviewMesh_02.uasset" 206
"../../../../../../Users/Professional/Documents/Unreal Projects/DG_Project/Content/StarterContent/Textures/T_RockMesh_N.uasset" 207
"../../../../../../Users/Professional/Documents/Unreal Projects/DG_Project/Content/StarterContent/Textures/T_RockMesh_M.uasset" 208
"../../../../../../Users/Professional/Documents/Unreal Projects/DG_Project/Content/StarterContent/Textures/T_Rock_Basalt_D.uasset" 209
"../../../Engine/Content/Functions/Engine_MaterialFunctions02/Utility/BlendAngleCorrectedNormals.uasset" 210
"../../../../../../Users/Professional/Documents/Unreal Projects/DG_Project/Content/StarterContent/Textures/T_Detail_Rocky_N.uasset" 211
"../../../../../../Users/Professional/Documents/Unreal Projects/DG_Project/Content/StarterContent/Props/Materials/M_Rock.uasset" 212
"../../../../../../Users/Professional/Documents/Unreal Projects/DG_Project/Content/StarterContent/Props/SM_Rock.uasset" 213
"../../../../../../Users/Professional/Documents/Unreal Projects/DG_Project/Content/StarterContent/Materials/M_Basic_Floor.uasset" 214
"../../../../../../Users/Professional/Documents/Unreal Projects/DG_Project/Content/StarterContent/Props/SM_Stairs.uasset" 215
"../../../../../../Users/Professional/Documents/Unreal Projects/DG_Project/Content/StarterContent/Shapes/Shape_Cone.uasset" 216
"../../../../../../Users/Professional/Documents/Unreal Projects/DG_Project/Content/StarterContent/Shapes/Shape_Cylinder.uasset" 217
"../../../../../../Users/Professional/Documents/Unreal Projects/DG_Project/Content/StarterContent/Shapes/Shape_NarrowCapsule.uasset" 218
"../../../../../../Users/Professional/Documents/Unreal Projects/DG_Project/Content/StarterContent/Shapes/Shape_Pipe.uasset" 219
"../../../../../../Users/Professional/Documents/Unreal Projects/DG_Project/Content/StarterContent/Shapes/Shape_Pipe_180.uasset" 220
"../../../../../../Users/Professional/Documents/Unreal Projects/DG_Project/Content/StarterContent/Shapes/Shape_Pipe_90.uasset" 221
"../../../../../../Users/Professional/Documents/Unreal Projects/DG_Project/Content/StarterContent/Shapes/Shape_Plane.uasset" 222
"../../../../../../Users/Professional/Documents/Unreal Projects/DG_Project/Content/StarterContent/Shapes/Shape_Torus.uasset" 223
"../../../../../../Users/Professional/Documents/Unreal Projects/DG_Project/Content/StarterContent/Shapes/Shape_Trim.uasset" 224
"../../../../../../Users/Professional/Documents/Unreal Projects/DG_Project/Content/StarterContent/Shapes/Shape_Trim_90_In.uasset" 225
"../../../../../../Users/Professional/Documents/Unreal Projects/DG_Project/Content/StarterContent/Shapes/Shape_Trim_90_Out.uasset" 226
"../../../../../../Users/Professional/Documents/Unreal Projects/DG_Project/Content/StarterContent/Shapes/Shape_TriPyramid.uasset" 227
"../../../../../../Users/Professional/Documents/Unreal Projects/DG_Project/Content/StarterContent/Shapes/Shape_Wedge_A.uasset" 228
"../../../../../../Users/Professional/Documents/Unreal Projects/DG_Project/Content/StarterContent/Shapes/Shape_Wedge_B.uasset" 229
"../../../../../../Users/Professional/Documents/Unreal Projects/DG_Project/Content/StarterContent/Shapes/Shape_WideCapsule.uasset" 230
"../../../../../../Users/Professional/Documents/Unreal Projects/DG_Project/Content/ThirdPersonBP/ThirdPersonOverview.uasset" 231
"../../../../../../Users/Professional/Documents/Unreal Projects/DG_Project/Content/ThirdPersonBP/Blueprints/ThirdPersonCharacter.uasset" 232
"../../../../../../Users/Professional/Documents/Unreal Projects/DG_Project/Content/ThirdPersonBP/Blueprints/ThirdPersonGameMode.uasset" 233
"../../../Engine/Content/ArtTools/RenderToTexture/Meshes/S_1_Unit_Plane.uasset" 234
"../../../Engine/Content/EngineMaterials/DefaultMaterial.uasset" 235
"../../../Engine/Content/BasicShapes/Cone.uasset" 236
"../../../Engine/Content/BasicShapes/Cube.uasset" 237
"../../../Engine/Content/BasicShapes/Plane.uasset" 238
"../../../Engine/Content/BasicShapes/Sphere.uasset" 239
"../../../Engine/Content/EditorLandscapeResources/DataLayer.uasset" 240
"../../../Engine/Content/EditorLandscapeResources/DefaultAlphaTexture.uasset" 241
"../../../Engine/Content/EditorMaterials/MAT_Groups_Toggle.uasset" 242
"../../../Engine/Content/EditorMaterials/MAT_Groups_Visibility.uasset" 243
"../../../Engine/Content/EditorMaterials/PreviewShadowIndicator.uasset" 244
"../../../Engine/Content/EditorMaterials/PreviewShadowIndicatorMaterial.uasset" 245
"../../../Engine/Content/EditorMaterials/MatineeGroups/MAT_ColorTrack.uasset" 246
"../../../Engine/Content/EditorMaterials/MatineeGroups/MAT_Groups_Anim.uasset" 247
"../../../Engine/Content/EditorMaterials/MatineeGroups/MAT_Groups_AudioMaster.uasset" 248
"../../../Engine/Content/EditorMaterials/MatineeGroups/MAT_Groups_Director.uasset" 249
"../../../Engine/Content/EditorMaterials/MatineeGroups/MAT_Groups_Event.uasset" 250
"../../../Engine/Content/EditorMaterials/MatineeGroups/MAT_Groups_Fade.uasset" 251
"../../../Engine/Content/EditorMaterials/MatineeGroups/MAT_Groups_Float.uasset" 252
"../../../Engine/Content/EditorMaterials/MatineeGroups/MAT_Groups_Move.uasset" 253
"../../../Engine/Content/EditorMaterials/MatineeGroups/MAT_Groups_Slomo.uasset" 254
"../../../Engine/Content/EditorMaterials/MatineeGroups/MAT_Groups_Sound.uasset" 255
"../../../Engine/Content/EditorMaterials/MatineeGroups/MAT_Groups_Vector.uasset" 256
"../../../Engine/Content/EditorMaterials/ParticleSystems/PSysThumbnail_NoImage.uasset" 257
"../../../Engine/Content/EditorMaterials/ParticleSystems/PSysThumbnail_OOD.uasset" 258
"../../../Engine/Content/EditorMaterials/Camera/CineMat.uasset" 259
"../../../Engine/Content/EditorMaterials/Camera/MI_CineMat_Rig.uasset" 260
"../../../Engine/Content/EditorMeshes/Camera/SM_CraneRig_Arm.uasset" 261
"../../../Engine/Content/EditorMeshes/Camera/SM_CraneRig_Base.uasset" 262
"../../../Engine/Content/EditorMeshes/Camera/SM_CraneRig_Body.uasset" 263
"../../../Engine/Content/EditorMeshes/Camera/SM_CraneRig_Mount.uasset" 264
"../../../Engine/Content/EditorMeshes/Camera/SM_RailRig_Mount.uasset" 265
"../../../Engine/Content/EditorMeshes/Camera/SM_RailRig_Track.uasset" 266
"../../../Engine/Content/EditorResources/BSPVertex.uasset" 267
"../../../Engine/Content/EditorResources/EmptyActor.uasset" 268
"../../../Engine/Content/EditorResources/S_Actor.uasset" 269
"../../../Engine/Content/EditorResources/S_Note.uasset" 270
"../../../Engine/Content/EditorResources/S_Solver.uasset" 271
"../../../Engine/Content/EditorResources/S_Terrain.uasset" 272
"../../../Engine/Content/EditorResources/S_Trigger.uasset" 273
"../../../Engine/Content/EditorResources/AudioIcons/S_AudioComponent.uasset" 274
"../../../Engine/Content/EditorResources/AudioIcons/S_AudioComponent_AutoActivate.uasset" 275
"../../../Engine/Content/EditorResources/LightIcons/S_LightError.uasset" 276
"../../../Engine/Content/EditorResources/SequenceRecorder/Countdown.uasset" 277
"../../../Engine/Content/EditorResources/SequenceRecorder/RecordingIndicator.uasset" 278
"../../../Engine/Content/EngineDamageTypes/DmgTypeBP_Environmental.uasset" 279
"../../../Engine/Content/EngineDebugMaterials/DebugEditorMaterial.uasset" 280
"../../../Engine/Content/EngineDebugMaterials/DebugMeshMaterial.uasset" 281
"../../../Engine/Content/EngineDebugMaterials/M_SimpleUnlitTranslucent.uasset" 282
"../../../Engine/Content/EngineDebugMaterials/VolumeToRender.uasset" 283
"../../../Engine/Content/Functions/Engine_MaterialFunctions02/Utility/CameraDirectionVector.uasset" 284
"../../../Engine/Content/EngineDebugMaterials/M_VolumeRenderSphereTracePP.uasset" 285
"../../../Engine/Content/Functions/Engine_MaterialFunctions01/Shading/ConvertFromDiffSpec.uasset" 286
"../../../Engine/Content/EngineDebugMaterials/VertexColorMaterial.uasset" 287
"../../../Engine/Content/EngineDebugMaterials/WireframeMaterial.uasset" 288
"../../../Engine/Content/EngineFonts/Faces/RobotoRegular.uasset" 289
"../../../Engine/Content/EngineFonts/Faces/RobotoLight.uasset" 290
"../../../Engine/Content/EngineFonts/Faces/RobotoItalic.uasset" 291
"../../../Engine/Content/EngineFonts/Faces/RobotoBoldItalic.uasset" 292
"../../../Engine/Content/EngineFonts/Faces/RobotoBold.uasset" 293
"../../../Engine/Content/EngineFonts/Faces/DroidSansFallback.uasset" 294
"../../../Engine/Content/EngineFonts/Roboto.uasset" 295
"../../../Engine/Content/EngineMaterials/BaseFlattenNormalMap.uasset" 296
"../../../Engine/Content/EngineMaterials/BaseFlattenGrayscaleMap.uasset" 297
"../../../Engine/Content/EngineMaterials/BaseFlattenEmissiveMap.uasset" 298
"../../../Engine/Content/EngineMaterials/BaseFlattenDiffuseMap.uasset" 299
"../../../Engine/Content/EngineMaterials/BaseFlattenMaterial.uasset" 300
"../../../Engine/Content/EngineMaterials/BlueNoise.uasset" 301
"../../../Engine/Content/EngineMaterials/DefaultBloomKernel.uasset" 302
"../../../Engine/Content/EngineMaterials/DefaultBokeh.uasset" 303
"../../../Engine/Content/EngineMaterials/DefaultDiffuse.uasset" 304
"../../../Engine/Content/EngineMaterials/DefaultDeferredDecalMaterial.uasset" 305
"../../../Engine/Content/EngineMaterials/DefaultLightFunctionMaterial.uasset" 306
"../../../Engine/Content/EngineMaterials/DefaultPhysicalMaterial.uasset" 307
"../../../Engine/Content/Functions/Engine_MaterialFunctions02/Utility/BreakOutFloat2Components.uasset" 308
"../../../Engine/Content/EngineMaterials/DefaultPostProcessMaterial.uasset" 309
"../../../Engine/Content/EngineFonts/RobotoDistanceField.uasset" 310
"../../../Engine/Content/EngineMaterials/DefaultTextMaterialOpaque.uasset" 311
"../../../Engine/Content/EngineMaterials/DefaultWhiteGrid.uasset" 312
"../../../Engine/Content/EngineMaterials/DefaultWhiteGrid_Low.uasset" 313
"../../../Engine/Content/EngineMaterials/EmissiveMeshMaterial.uasset" 314
"../../../Engine/Content/EngineMaterials/GizmoMaterial.uasset" 315
"../../../Engine/Content/EngineMaterials/Good64x64TilingNoiseHighFreq.uasset" 316
"../../../Engine/Content/EngineMaterials/MiniFont.uasset" 317
"../../../Engine/Content/EngineMaterials/InvalidLightmapSettings.uasset" 318
"../../../Engine/Content/EngineMaterials/M_InvalidLightmapSettings.uasset" 319
"../../../Engine/Content/Functions/Engine_MaterialFunctions02/WorldPositionOffset/CameraOffset.uasset" 320
"../../../Engine/Content/EngineMaterials/PhAT_JointLimitMaterial.uasset" 321
"../../../Engine/Content/EngineMaterials/PreintegratedSkinBRDF.uasset" 322
"../../../Engine/Content/EngineMaterials/RemoveSurfaceMaterial.uasset" 323
"../../../Engine/Content/EngineMaterials/WeightMapPlaceholderTexture.uasset" 324
"../../../Engine/Content/EngineResources/WhiteSquareTexture.uasset" 325
"../../../Engine/Content/EngineMaterials/Widget3DPassThrough.uasset" 326
"../../../Engine/Content/EngineMaterials/Widget3DPassThrough_Masked.uasset" 327
"../../../Engine/Content/EngineMaterials/Widget3DPassThrough_Opaque.uasset" 328
"../../../Engine/Content/EngineMaterials/Widget3DPassThrough_Masked_OneSided.uasset" 329
"../../../Engine/Content/EngineMaterials/Widget3DPassThrough_Opaque_OneSided.uasset" 330
"../../../Engine/Content/EngineMaterials/Widget3DPassThrough_Translucent.uasset" 331
"../../../Engine/Content/EngineMaterials/Widget3DPassThrough_Translucent_OneSided.uasset" 332
"../../../Engine/Content/EngineMeshes/Cylinder.uasset" 333
"../../../Engine/Content/EngineMeshes/Sphere.uasset" 334
"../../../Engine/Content/EngineResources/Black.uasset" 335
"../../../Engine/Content/EngineResources/DefaultTextureCube.uasset" 336
"../../../Engine/Content/EngineResources/DefaultVolumeTexture2D.uasset" 337
"../../../Engine/Content/EngineResources/DefaultVolumeTexture.uasset" 338
"../../../Engine/Content/EngineResources/GradientTexture0.uasset" 339
"../../../Engine/Content/EngineSky/VolumetricClouds/T_NoiseShape64.uasset" 340
"../../../Engine/Content/EngineSky/VolumetricClouds/T_VolumeNoiseShape64.uasset" 341
"../../../Engine/Content/EngineSky/VolumetricClouds/T_NoiseErosion.uasset" 342
"../../../Engine/Content/EngineSky/VolumetricClouds/T_VolumeNoiseErosion32.uasset" 343
"../../../Engine/Content/EngineSky/VolumetricClouds/CloudWeatherTexture.uasset" 344
"../../../Engine/Content/EngineSky/VolumetricClouds/CloudGradientTexture.uasset" 345
"../../../Engine/Content/Functions/Engine_MaterialFunctions02/Utility/MakeFloat2.uasset" 346
"../../../Engine/Content/EngineSky/VolumetricClouds/m_SimpleVolumetricCloud.uasset" 347
"../../../Engine/Content/EngineSky/VolumetricClouds/m_SimpleVolumetricCloud_Inst.uasset" 348
"../../../Engine/Content/EngineSounds/Master.uasset" 349
"../../../Engine/Content/Functions/Engine_MaterialFunctions01/Shading/PowerToRoughness.uasset" 350
"../../../Engine/Content/Maps/Templates/Thumbnails/Default.uasset" 351
"../../../Engine/Content/Maps/Templates/Thumbnails/TimeOfDay.uasset" 352
"../../../Engine/Content/Maps/Templates/Thumbnails/VR-Basic.uasset" 353
"../../../Engine/Content/MobileResources/T_MobileControls_texture.uasset" 354
"../../../Engine/Content/MobileResources/T_MobileMenu2.uasset" 355
"../../../Engine/Content/MobileResources/HUD/AnalogHat.uasset" 356
"../../../Engine/Content/MobileResources/HUD/VirtualJoystick_Thumb.uasset" 357
"../../../Engine/Content/MobileResources/HUD/VirtualJoystick_Background.uasset" 358
"../../../Engine/Content/MobileResources/HUD/DefaultVirtualJoysticks.uasset" 359
"../../../Engine/Content/MobileResources/HUD/LeftVirtualJoystickOnly.uasset" 360
"../../../Engine/Content/MobileResources/HUD/MobileHUDButton1_off.uasset" 361
"../../../Engine/Content/MobileResources/HUD/MobileHUDButton1_on.uasset" 362
"../../../Engine/Content/MobileResources/HUD/MobileHUDButton2_off.uasset" 363
"../../../Engine/Content/MobileResources/HUD/MobileHUDButton2_on.uasset" 364
"../../../Engine/Content/MobileResources/HUD/MobileHUDButton3.uasset" 365
"../../../Engine/Content/MobileResources/HUD/MobileHUDButtonFire.uasset" 366
"../../../Engine/Content/MobileResources/HUD/MobileHUDDirectionPad.uasset" 367
"../../../Engine/Content/MobileResources/HUD/MobileHUDDirectionPad2.uasset" 368
"../../../Engine/Content/MobileResources/HUD/MobileHUDDirectionPad3.uasset" 369
"../../../Engine/Content/MobileResources/HUD/MobileHUDDirectionStick.uasset" 370
"../../../Engine/Content/MobileResources/HUD/T_Castle_ThumbstickInner.uasset" 371
"../../../Engine/Content/MobileResources/HUD/T_Castle_ThumbstickOutter.uasset" 372
"../../../Engine/Content/Tutorial/ContentIntroCurve.uasset" 373
"../../../Engine/Content/Tutorial/Basics/LevelEditorAttract.uasset" 374
"../../../Engine/Content/Tutorial/Installation/InstallingVisualStudioTutorial.uasset" 375
"../../../Engine/Content/VREditor/TransformGizmo/TranslucentTransformGizmoMaterial.uasset" 376
"../../../Engine/Content/VREditor/LaserPointer/VR_LaserPower_01.uasset" 377
"../../../Engine/Content/VREditor/TransformGizmo/TransformGizmoMaterial.uasset" 378
"../../../Engine/Content/VREditor/TransformGizmo/BoundingBoxCorner.uasset" 379
"../../../Engine/Content/VREditor/TransformGizmo/BoundingBoxEdge.uasset" 380
"../../../Engine/Content/VREditor/TransformGizmo/PlaneTranslationHandle.uasset" 381
"../../../Engine/Content/VREditor/TransformGizmo/Xray.uasset" 382
"../../../Engine/Content/VREditor/TransformGizmo/Main.uasset" 383
"../../../Engine/Content/VREditor/TransformGizmo/SM_Sequencer_Key.uasset" 384
"../../../Engine/Content/VREditor/TransformGizmo/SM_Sequencer_Node.uasset" 385
"../../Plugins/2D/Paper2D/Content/PlaceholderTextures/DummySpriteTexture.uasset" 386
"../../Plugins/2D/Paper2D/Content/DummySprite.uasset" 387
"../../Plugins/2D/Paper2D/Content/DefaultPaperTerrainMaterial.uasset" 388
"../../Plugins/2D/Paper2D/Content/DefaultSpriteMaterial.uasset" 389
"../../Plugins/2D/Paper2D/Content/MaskedUnlitSpriteMaterial.uasset" 390
"../../Plugins/2D/Paper2D/Content/OpaqueUnlitSpriteMaterial.uasset" 391
"../../../Engine/Content/Functions/Engine_MaterialFunctions02/Utility/BreakOutFloat3Components.uasset" 392
"../../Plugins/Editor/SpeedTreeImporter/Content/SpeedTree9/UnpackInteger3.uasset" 393
"../../Plugins/Editor/SpeedTreeImporter/Content/SpeedTree9/UnpackDirection.uasset" 394
"../../Plugins/Editor/SpeedTreeImporter/Content/SpeedTree9/game_wind_noise.uasset" 395
"../../../Engine/Content/Functions/Engine_MaterialFunctions02/SafeNormalize.uasset" 396
"../../Plugins/Editor/SpeedTreeImporter/Content/SpeedTree9/SpeedTreeWindMotion.uasset" 397
"../../Plugins/Editor/SpeedTreeImporter/Content/SpeedTree9/SpeedTreeBranchMotion.uasset" 398
"../../../Engine/Content/Functions/Engine_MaterialFunctions02/ObjectLocalBounds.uasset" 399
"../../../Engine/Content/Functions/Engine_MaterialFunctions02/UVs/BoundingBoxBased_0-1_UVW.uasset" 400
"../../Plugins/Editor/SpeedTreeImporter/Content/SpeedTree9/SpeedTreeWind.uasset" 401
"../../Plugins/Editor/SpeedTreeImporter/Content/SpeedTree9/SpeedTreeBillboard.uasset" 402
"../../../Engine/Content/EngineResources/DefaultTexture.uasset" 403
"../../Plugins/Editor/SpeedTreeImporter/Content/SpeedTree9/SpeedTreeBillboardMaster.uasset" 404
"../../Plugins/Editor/SpeedTreeImporter/Content/SpeedTree9/SpeedTreeCameraFacing.uasset" 405
"../../Plugins/Editor/SpeedTreeImporter/Content/SpeedTree9/SpeedTreeMaster.uasset" 406
"../../../Engine/Content/BasicShapes/Cylinder.uasset" 407
"../../../Engine/Content/ArtTools/RenderToTexture/Materials/Debug/M_Emissive_Color.uasset" 408
"../../Plugins/Lumin/MagicLeapPassableWorld/Content/MagicLeapARPinInfoActor.uasset" 409
"../../../Engine/Content/Functions/Engine_MaterialFunctions02/Utility/BreakOutFloat4Components.uasset" 410
"../../../Engine/Content/Functions/Engine_MaterialFunctions02/Utility/MakeFloat3.uasset" 411
"../../Plugins/Runtime/Oculus/OculusVR/Content/Materials/OculusMR_ChromaKey.uasset" 412
"../../Plugins/Runtime/Oculus/OculusVR/Content/Materials/OculusMR_OpaqueColoredMaterial.uasset" 413
"../../Plugins/Runtime/Oculus/OculusVR/Content/Materials/PokeAHoleMaterial.uasset" 414
"../../../Engine/Content/EditorMeshes/ColorCalibrator/M_GreyBall.uasset" 415
"../../../Engine/Content/EditorMeshes/ColorCalibrator/Color_checker.uasset" 416
"../../../Engine/Content/EditorMeshes/ColorCalibrator/M_ColorGrid.uasset" 417
"../../../Engine/Content/EditorMeshes/ColorCalibrator/M_ClearCoatBlack.uasset" 418
"../../../Engine/Content/EditorMeshes/ColorCalibrator/M_ClearCoat.uasset" 419
"../../../Engine/Content/EditorMeshes/ColorCalibrator/M_ChromeBall.uasset" 420
"../../../Engine/Content/EditorMeshes/ColorCalibrator/SM_ColorCalibrator.uasset" 421
"../../../../../../Users/Professional/Documents/Unreal Projects/DG_Project/Content/StarterContent/Maps/Advanced_Lighting_BuiltData.uasset" 422
"../../../../../../Users/Professional/Documents/Unreal Projects/DG_Project/Content/StarterContent/HDRI/HDRI_Epic_Courtyard_Daylight.uasset" 423
"../../../Engine/Content/MapTemplates/Sky/DaylightAmbientCubemap.uasset" 424
"../../../../../../Users/Professional/Documents/Unreal Projects/DG_Project/Content/StarterContent/Blueprints/Assets/M_LightStage_Skybox_Master.uasset" 425
"../../../../../../Users/Professional/Documents/Unreal Projects/DG_Project/Content/StarterContent/Blueprints/Assets/M_LightStage_Skybox_HDRI.uasset" 426
"../../../../../../Users/Professional/Documents/Unreal Projects/DG_Project/Content/StarterContent/Blueprints/Assets/M_LightStage_Arrows.uasset" 427
"../../../../../../Users/Professional/Documents/Unreal Projects/DG_Project/Content/StarterContent/Blueprints/Assets/SM_Arrows.uasset" 428
"../../../Engine/Content/EditorMaterials/Thumbnails/SkySphereMaterial.uasset" 429
"../../../../../../Users/Professional/Documents/Unreal Projects/DG_Project/Content/StarterContent/Blueprints/Assets/Skybox.uasset" 430
"../../../../../../Users/Professional/Documents/Unreal Projects/DG_Project/Content/StarterContent/Blueprints/Assets/M_LightStage_Skybox_Black.uasset" 431
"../../../../../../Users/Professional/Documents/Unreal Projects/DG_Project/Content/StarterContent/Blueprints/Assets/SunlightColorLUT.uasset" 432
"../../../../../../Users/Professional/Documents/Unreal Projects/DG_Project/Content/StarterContent/Blueprints/Assets/FogBrightnessLUT.uasset" 433
"../../../../../../Users/Professional/Documents/Unreal Projects/DG_Project/Content/StarterContent/Blueprints/BP_LightStudio.uasset" 434
"../../../../../../Users/Professional/Documents/Unreal Projects/DG_Project/Content/StarterContent/Materials/M_AssetPlatform.uasset" 435
"../../../../../../Users/Professional/Documents/Unreal Projects/DG_Project/Content/StarterContent/Architecture/SM_AssetPlatform.uasset" 436
"../../../../../../Users/Professional/Documents/Unreal Projects/DG_Project/Content/StarterContent/Maps/Advanced_Lighting.umap" 437
"../../../../../../Users/Professional/Documents/Unreal Projects/DG_Project/Content/StarterContent/Textures/T_TableRound_N.uasset" 438
"../../../../../../Users/Professional/Documents/Unreal Projects/DG_Project/Content/StarterContent/Textures/T_TableRound_M.uasset" 439
"../../../../../../Users/Professional/Documents/Unreal Projects/DG_Project/Content/StarterContent/Props/Materials/M_TableRound.uasset" 440
"../../../../../../Users/Professional/Documents/Unreal Projects/DG_Project/Content/StarterContent/Props/SM_TableRound.uasset" 441
"../../../../../../Users/Professional/Documents/Unreal Projects/DG_Project/Content/StarterContent/Textures/T_Statue_N.uasset" 442
"../../../../../../Users/Professional/Documents/Unreal Projects/DG_Project/Content/StarterContent/Textures/T_Statue_M.uasset" 443
"../../../../../../Users/Professional/Documents/Unreal Projects/DG_Project/Content/StarterContent/Props/Materials/M_Statue.uasset" 444
"../../../../../../Users/Professional/Documents/Unreal Projects/DG_Project/Content/StarterContent/Props/Materials/M_StatueGlass.uasset" 445
"../../../../../../Users/Professional/Documents/Unreal Projects/DG_Project/Content/StarterContent/Props/SM_Statue.uasset" 446
"../../../../../../Users/Professional/Documents/Unreal Projects/DG_Project/Content/StarterContent/Props/SM_Chair.uasset" 447
"../../../Engine/Content/EngineSky/T_Sky_Stars.uasset" 448
"../../../Engine/Content/EngineSky/T_Sky_Clouds_M.uasset" 449
"../../../Engine/Content/EngineSky/T_Sky_Blue.uasset" 450
"../../../../../../Users/Professional/Documents/Unreal Projects/DG_Project/Content/StarterContent/Textures/T_Metal_Aluminum_D.uasset" 451
"../../../../../../Users/Professional/Documents/Unreal Projects/DG_Project/Content/StarterContent/Materials/M_Metal_Burnished_Steel.uasset" 452
"../../../../../../Users/Professional/Documents/Unreal Projects/DG_Project/Content/StarterContent/Materials/M_Metal_Brushed_Nickel.uasset" 453
"../../../Engine/Content/EngineSky/M_Sky_Panning_Clouds2.uasset" 454
"../../../../../../Users/Professional/Documents/Unreal Projects/DG_Project/Content/StarterContent/Maps/Minimal_Default_BuiltData.uasset" 455
"../../../Engine/Content/EngineSky/SM_SkySphere.uasset" 456
"../../../Engine/Content/EngineSky/C_Sky_Zenith_Color.uasset" 457
"../../../Engine/Content/EngineSky/C_Sky_Horizon_Color.uasset" 458
"../../../Engine/Content/EngineSky/C_Sky_Cloud_Color.uasset" 459
"../../../Engine/Content/EngineSky/BP_Sky_Sphere.uasset" 460
"../../../../../../Users/Professional/Documents/Unreal Projects/DG_Project/Content/StarterContent/Audio/Starter_Background_Cue.uasset" 461
"../../../../../../Users/Professional/Documents/Unreal Projects/DG_Project/Content/StarterContent/Architecture/Floor_400x400.uasset" 462
"../../../../../../Users/Professional/Documents/Unreal Projects/DG_Project/Content/StarterContent/Textures/T_Rock_Slate_N.uasset" 463
"../../../../../../Users/Professional/Documents/Unreal Projects/DG_Project/Content/StarterContent/Textures/T_Rock_Slate_D.uasset" 464
"../../../../../../Users/Professional/Documents/Unreal Projects/DG_Project/Content/StarterContent/Textures/T_Perlin_Noise_M.uasset" 465
"../../../../../../Users/Professional/Documents/Unreal Projects/DG_Project/Content/StarterContent/Materials/M_Rock_Slate.uasset" 466
"../../../../../../Users/Professional/Documents/Unreal Projects/DG_Project/Content/StarterContent/Textures/T_Shelf_N.uasset" 467
"../../../../../../Users/Professional/Documents/Unreal Projects/DG_Project/Content/StarterContent/Textures/T_Shelf_M.uasset" 468
"../../../../../../Users/Professional/Documents/Unreal Projects/DG_Project/Content/StarterContent/Props/Materials/M_Shelf.uasset" 469
"../../../../../../Users/Professional/Documents/Unreal Projects/DG_Project/Content/StarterContent/Props/SM_Shelf.uasset" 470
"../../../../../../Users/Professional/Documents/Unreal Projects/DG_Project/Content/Blueprints/test/y2mate-_mp3cut_net_.uasset" 471
"../../../../../../Users/Professional/Documents/Unreal Projects/DG_Project/Content/StarterContent/Textures/T_Metal_Steel_N.uasset" 472
"../../../../../../Users/Professional/Documents/Unreal Projects/DG_Project/Content/StarterContent/Textures/T_Metal_Steel_D.uasset" 473
"../../../../../../Users/Professional/Documents/Unreal Projects/DG_Project/Content/StarterContent/Materials/M_Metal_Steel.uasset" 474
"../../../../../../Users/Professional/Documents/Unreal Projects/DG_Project/Content/Blueprints/test/Cow.uasset" 475
"../../../../../../Users/Professional/Documents/Unreal Projects/DG_Project/Content/Blueprints/test/Cow112.uasset" 476
"../../../../../../Users/Professional/Documents/Unreal Projects/DG_Project/Content/StarterContent/Maps/Minimal_Default.umap" 477
"../../../../../../Users/Professional/Documents/Unreal Projects/DG_Project/Content/StarterContent/Shapes/Shape_Sphere.uasset" 478
"../../../../../../Users/Professional/Documents/Unreal Projects/DG_Project/Content/StarterContent/Shapes/Shape_QuadPyramid.uasset" 479
"../../../../../../Users/Professional/Documents/Unreal Projects/DG_Project/Content/StarterContent/Shapes/Shape_Cube.uasset" 480
"../../../../../../Users/Professional/Documents/Unreal Projects/DG_Project/Content/StarterContent/Textures/T_Frame_N.uasset" 481
"../../../../../../Users/Professional/Documents/Unreal Projects/DG_Project/Content/StarterContent/Textures/T_Frame_M.uasset" 482
"../../../../../../Users/Professional/Documents/Unreal Projects/DG_Project/Content/StarterContent/Props/Materials/M_Frame.uasset" 483
"../../../../../../Users/Professional/Documents/Unreal Projects/DG_Project/Content/StarterContent/Props/SM_WindowFrame.uasset" 484
"../../../../../../Users/Professional/Documents/Unreal Projects/DG_Project/Content/StarterContent/Props/SM_PillarFrame300.uasset" 485
"../../../../../../Users/Professional/Documents/Unreal Projects/DG_Project/Content/StarterContent/Props/SM_PillarFrame.uasset" 486
"../../../../../../Users/Professional/Documents/Unreal Projects/DG_Project/Content/StarterContent/Props/SM_GlassWindow.uasset" 487
"../../../../../../Users/Professional/Documents/Unreal Projects/DG_Project/Content/StarterContent/Props/SM_DoorFrame.uasset" 488
"../../../../../../Users/Professional/Documents/Unreal Projects/DG_Project/Content/StarterContent/Props/SM_CornerFrame.uasset" 489
"../../../../../../Users/Professional/Documents/Unreal Projects/DG_Project/Content/StarterContent/Props/MaterialSphere.uasset" 490
"../../../../../../Users/Professional/Documents/Unreal Projects/DG_Project/Content/StarterContent/Textures/T_Dust_Particle_D.uasset" 491
"../../../../../../Users/Professional/Documents/Unreal Projects/DG_Project/Content/StarterContent/Particles/Materials/M_Dust_Particle.uasset" 492
"../../../../../../Users/Professional/Documents/Unreal Projects/DG_Project/Content/StarterContent/Particles/P_Ambient_Dust.uasset" 493
"../../../../../../Users/Professional/Documents/Unreal Projects/DG_Project/Content/StarterContent/Textures/T_Wood_Walnut_N.uasset" 494
"../../../../../../Users/Professional/Documents/Unreal Projects/DG_Project/Content/StarterContent/Textures/T_Wood_Walnut_D.uasset" 495
"../../../../../../Users/Professional/Documents/Unreal Projects/DG_Project/Content/StarterContent/Materials/M_Wood_Walnut.uasset" 496
"../../../../../../Users/Professional/Documents/Unreal Projects/DG_Project/Content/StarterContent/Textures/T_Wood_Pine_N.uasset" 497
"../../../../../../Users/Professional/Documents/Unreal Projects/DG_Project/Content/StarterContent/Textures/T_Wood_Pine_D.uasset" 498
"../../../../../../Users/Professional/Documents/Unreal Projects/DG_Project/Content/StarterContent/Materials/M_Wood_Pine.uasset" 499
"../../../../../../Users/Professional/Documents/Unreal Projects/DG_Project/Content/StarterContent/Textures/T_Wood_Oak_N.uasset" 500
"../../../../../../Users/Professional/Documents/Unreal Projects/DG_Project/Content/StarterContent/Textures/T_Wood_Oak_D.uasset" 501
"../../../../../../Users/Professional/Documents/Unreal Projects/DG_Project/Content/StarterContent/Materials/M_Wood_Oak.uasset" 502
"../../../Engine/Content/Functions/Engine_MaterialFunctions01/Opacity/AlphaOffset.uasset" 503
"../../../../../../Users/Professional/Documents/Unreal Projects/DG_Project/Content/StarterContent/Textures/T_Wood_Floor_Walnut_N.uasset" 504
"../../../../../../Users/Professional/Documents/Unreal Projects/DG_Project/Content/StarterContent/Textures/T_Wood_Floor_Walnut_M.uasset" 505
"../../../../../../Users/Professional/Documents/Unreal Projects/DG_Project/Content/StarterContent/Textures/T_Wood_Floor_Walnut_D.uasset" 506
"../../../../../../Users/Professional/Documents/Unreal Projects/DG_Project/Content/StarterContent/Materials/M_Wood_Floor_Walnut_Worn.uasset" 507
"../../../../../../Users/Professional/Documents/Unreal Projects/DG_Project/Content/StarterContent/Materials/M_Wood_Floor_Walnut_Polished.uasset" 508
"../../../../../../Users/Professional/Documents/Unreal Projects/DG_Project/Content/StarterContent/Textures/T_Water_M.uasset" 509
"../../../../../../Users/Professional/Documents/Unreal Projects/DG_Project/Content/StarterContent/Textures/T_Water_N.uasset" 510
"../../../../../../Users/Professional/Documents/Unreal Projects/DG_Project/Content/StarterContent/Materials/M_Water_Ocean.uasset" 511
"../../../../../../Users/Professional/Documents/Unreal Projects/DG_Project/Content/StarterContent/Materials/M_Water_Lake.uasset" 512
"../../../../../../Users/Professional/Documents/Unreal Projects/DG_Project/Content/StarterContent/Textures/T_Tech_Panel_N.uasset" 513
"../../../../../../Users/Professional/Documents/Unreal Projects/DG_Project/Content/StarterContent/Textures/T_Tech_Panel_M.uasset" 514
"../../../../../../Users/Professional/Documents/Unreal Projects/DG_Project/Content/StarterContent/Materials/M_Tech_Panel.uasset" 515
"../../../../../../Users/Professional/Documents/Unreal Projects/DG_Project/Content/StarterContent/Textures/T_Tech_Hex_Tile_N.uasset" 516
"../../../../../../Users/Professional/Documents/Unreal Projects/DG_Project/Content/StarterContent/Textures/T_Tech_Hex_Tile_M.uasset" 517
"../../../../../../Users/Professional/Documents/Unreal Projects/DG_Project/Content/StarterContent/Materials/M_Tech_Hex_Tile_Pulse.uasset" 518
"../../../../../../Users/Professional/Documents/Unreal Projects/DG_Project/Content/StarterContent/Materials/M_Tech_Hex_Tile.uasset" 519
"../../../../../../Users/Professional/Documents/Unreal Projects/DG_Project/Content/StarterContent/Textures/T_Tech_Dot_N.uasset" 520
"../../../../../../Users/Professional/Documents/Unreal Projects/DG_Project/Content/StarterContent/Textures/T_Tech_Dot_M.uasset" 521
"../../../../../../Users/Professional/Documents/Unreal Projects/DG_Project/Content/StarterContent/Textures/T_Single_Tile_N.uasset" 522
"../../../../../../Users/Professional/Documents/Unreal Projects/DG_Project/Content/StarterContent/Textures/T_Checker_Noise_M.uasset" 523
"../../../../../../Users/Professional/Documents/Unreal Projects/DG_Project/Content/StarterContent/Materials/M_Tech_Checker_Dot.uasset" 524
"../../../../../../Users/Professional/Documents/Unreal Projects/DG_Project/Content/StarterContent/Textures/T_Rock_Sandstone_N.uasset" 525
"../../../../../../Users/Professional/Documents/Unreal Projects/DG_Project/Content/StarterContent/Textures/T_Rock_Sandstone_D.uasset" 526
"../../../../../../Users/Professional/Documents/Unreal Projects/DG_Project/Content/StarterContent/Materials/M_Rock_Sandstone.uasset" 527
"../../../../../../Users/Professional/Documents/Unreal Projects/DG_Project/Content/StarterContent/Textures/T_Rock_Marble_Polished_D.uasset" 528
"../../../../../../Users/Professional/Documents/Unreal Projects/DG_Project/Content/StarterContent/Materials/M_Rock_Marble_Polished.uasset" 529
"../../../../../../Users/Professional/Documents/Unreal Projects/DG_Project/Content/StarterContent/Textures/T_Rock_Basalt_N.uasset" 530
"../../../../../../Users/Professional/Documents/Unreal Projects/DG_Project/Content/StarterContent/Materials/M_Rock_Basalt.uasset" 531
"../../../../../../Users/Professional/Documents/Unreal Projects/DG_Project/Content/StarterContent/Textures/T_Metal_Rust_D.uasset" 532
"../../../../../../Users/Professional/Documents/Unreal Projects/DG_Project/Content/StarterContent/Textures/T_Metal_Rust_N.uasset" 533
"../../../../../../Users/Professional/Documents/Unreal Projects/DG_Project/Content/StarterContent/Materials/M_Metal_Rust.uasset" 534
"../../../../../../Users/Professional/Documents/Unreal Projects/DG_Project/Content/StarterContent/Textures/T_Metal_Gold_D.uasset" 535
"../../../../../../Users/Professional/Documents/Unreal Projects/DG_Project/Content/StarterContent/Materials/M_Metal_Gold.uasset" 536
"../../../../../../Users/Professional/Documents/Unreal Projects/DG_Project/Content/StarterContent/Materials/M_Metal_Chrome.uasset" 537
"../../../../../../Users/Professional/Documents/Unreal Projects/DG_Project/Content/StarterContent/Textures/T_Ground_Moss_N.uasset" 538
"../../../../../../Users/Professional/Documents/Unreal Projects/DG_Project/Content/StarterContent/Textures/T_ground_Moss_D.uasset" 539
"../../../../../../Users/Professional/Documents/Unreal Projects/DG_Project/Content/StarterContent/Materials/M_Ground_Moss.uasset" 540
"../../../../../../Users/Professional/Documents/Unreal Projects/DG_Project/Content/StarterContent/Textures/T_Ground_Gravel_N.uasset" 541
"../../../../../../Users/Professional/Documents/Unreal Projects/DG_Project/Content/StarterContent/Textures/T_Ground_Gravel_D.uasset" 542
"../../../../../../Users/Professional/Documents/Unreal Projects/DG_Project/Content/StarterContent/Materials/M_Ground_Gravel.uasset" 543
"../../../../../../Users/Professional/Documents/Unreal Projects/DG_Project/Content/StarterContent/Textures/T_Ground_Grass_N.uasset" 544
"../../../../../../Users/Professional/Documents/Unreal Projects/DG_Project/Content/StarterContent/Textures/T_Ground_Grass_D.uasset" 545
"../../../../../../Users/Professional/Documents/Unreal Projects/DG_Project/Content/StarterContent/Materials/M_Ground_Grass.uasset" 546
"../../../../../../Users/Professional/Documents/Unreal Projects/DG_Project/Content/StarterContent/Textures/T_Concrete_Tiles_Variation_M.uasset" 547
"../../../../../../Users/Professional/Documents/Unreal Projects/DG_Project/Content/StarterContent/Textures/T_Concrete_Tiles_N.uasset" 548
"../../../../../../Users/Professional/Documents/Unreal Projects/DG_Project/Content/StarterContent/Textures/T_Concrete_Tiles_M.uasset" 549
"../../../../../../Users/Professional/Documents/Unreal Projects/DG_Project/Content/StarterContent/Textures/T_Concrete_Tiles_D.uasset" 550
"../../../../../../Users/Professional/Documents/Unreal Projects/DG_Project/Content/StarterContent/Materials/M_Concrete_Tiles.uasset" 551
"../../../../../../Users/Professional/Documents/Unreal Projects/DG_Project/Content/StarterContent/Textures/T_Concrete_Panels_N.uasset" 552
"../../../../../../Users/Professional/Documents/Unreal Projects/DG_Project/Content/StarterContent/Textures/T_Concrete_Panels_D.uasset" 553
"../../../../../../Users/Professional/Documents/Unreal Projects/DG_Project/Content/StarterContent/Materials/M_Concrete_Panels.uasset" 554
"../../../../../../Users/Professional/Documents/Unreal Projects/DG_Project/Content/StarterContent/Textures/T_Concrete_Grime_D.uasset" 555
"../../../../../../Users/Professional/Documents/Unreal Projects/DG_Project/Content/StarterContent/Materials/M_Concrete_Grime.uasset" 556
"../../../../../../Users/Professional/Documents/Unreal Projects/DG_Project/Content/StarterContent/Textures/T_CobbleStone_Smooth_N.uasset" 557
"../../../../../../Users/Professional/Documents/Unreal Projects/DG_Project/Content/StarterContent/Textures/T_CobbleStone_Smooth_M.uasset" 558
"../../../../../../Users/Professional/Documents/Unreal Projects/DG_Project/Content/StarterContent/Textures/T_CobbleStone_Smooth_D.uasset" 559
"../../../../../../Users/Professional/Documents/Unreal Projects/DG_Project/Content/StarterContent/Textures/T_Rock_Smooth_Granite_D.uasset" 560
"../../../../../../Users/Professional/Documents/Unreal Projects/DG_Project/Content/StarterContent/Textures/T_Gradinet_01.uasset" 561
"../../../../../../Users/Professional/Documents/Unreal Projects/DG_Project/Content/StarterContent/Materials/M_CobbleStone_Smooth.uasset" 562
"../../../../../../Users/Professional/Documents/Unreal Projects/DG_Project/Content/StarterContent/Textures/T_CobbleStone_Rough_N.uasset" 563
"../../../../../../Users/Professional/Documents/Unreal Projects/DG_Project/Content/StarterContent/Textures/T_CobbleStone_Rough_D.uasset" 564
"../../../../../../Users/Professional/Documents/Unreal Projects/DG_Project/Content/StarterContent/Materials/M_CobbleStone_Rough.uasset" 565
"../../../../../../Users/Professional/Documents/Unreal Projects/DG_Project/Content/StarterContent/Textures/T_CobbleStone_Pebble_N.uasset" 566
"../../../../../../Users/Professional/Documents/Unreal Projects/DG_Project/Content/StarterContent/Textures/T_CobbleStone_Pebble_M.uasset" 567
"../../../../../../Users/Professional/Documents/Unreal Projects/DG_Project/Content/StarterContent/Textures/T_CobbleStone_Pebble_D.uasset" 568
"../../../../../../Users/Professional/Documents/Unreal Projects/DG_Project/Content/StarterContent/Materials/M_CobbleStone_Pebble.uasset" 569
"../../../../../../Users/Professional/Documents/Unreal Projects/DG_Project/Content/StarterContent/Textures/T_Ceramic_Tile_N.uasset" 570
"../../../../../../Users/Professional/Documents/Unreal Projects/DG_Project/Content/StarterContent/Textures/T_Ceramic_Tile_M.uasset" 571
"../../../../../../Users/Professional/Documents/Unreal Projects/DG_Project/Content/StarterContent/Materials/M_Ceramic_Tile_Checker.uasset" 572
"../../../../../../Users/Professional/Documents/Unreal Projects/DG_Project/Content/StarterContent/Textures/T_Brick_Hewn_Stone_N.uasset" 573
"../../../../../../Users/Professional/Documents/Unreal Projects/DG_Project/Content/StarterContent/Textures/T_Brick_Hewn_Stone_M.uasset" 574
"../../../../../../Users/Professional/Documents/Unreal Projects/DG_Project/Content/StarterContent/Textures/T_Brick_Hewn_Stone_D.uasset" 575
"../../../../../../Users/Professional/Documents/Unreal Projects/DG_Project/Content/StarterContent/Materials/M_Brick_Hewn_Stone.uasset" 576
"../../../../../../Users/Professional/Documents/Unreal Projects/DG_Project/Content/StarterContent/Textures/T_Brick_Cut_Stone_N.uasset" 577
"../../../../../../Users/Professional/Documents/Unreal Projects/DG_Project/Content/StarterContent/Textures/T_Brick_Cut_Stone_D.uasset" 578
"../../../../../../Users/Professional/Documents/Unreal Projects/DG_Project/Content/StarterContent/Materials/M_Brick_Cut_Stone.uasset" 579
"../../../../../../Users/Professional/Documents/Unreal Projects/DG_Project/Content/StarterContent/Textures/T_Brick_Clay_Old_N.uasset" 580
"../../../../../../Users/Professional/Documents/Unreal Projects/DG_Project/Content/StarterContent/Textures/T_Brick_Clay_Old_D.uasset" 581
"../../../../../../Users/Professional/Documents/Unreal Projects/DG_Project/Content/StarterContent/Materials/M_Brick_Clay_Old.uasset" 582
"../../../../../../Users/Professional/Documents/Unreal Projects/DG_Project/Content/StarterContent/Textures/T_Brick_Clay_New_N.uasset" 583
"../../../../../../Users/Professional/Documents/Unreal Projects/DG_Project/Content/StarterContent/Textures/T_Brick_Clay_New_M.uasset" 584
"../../../../../../Users/Professional/Documents/Unreal Projects/DG_Project/Content/StarterContent/Textures/T_Brick_Clay_New_D.uasset" 585
"../../../../../../Users/Professional/Documents/Unreal Projects/DG_Project/Content/StarterContent/Materials/M_Brick_Clay_New.uasset" 586
"../../../../../../Users/Professional/Documents/Unreal Projects/DG_Project/Content/StarterContent/Textures/T_Brick_Clay_Beveled_N.uasset" 587
"../../../../../../Users/Professional/Documents/Unreal Projects/DG_Project/Content/StarterContent/Textures/T_Brick_Clay_Beveled_M.uasset" 588
"../../../../../../Users/Professional/Documents/Unreal Projects/DG_Project/Content/StarterContent/Textures/T_Brick_Clay_Beveled_D.uasset" 589
"../../../../../../Users/Professional/Documents/Unreal Projects/DG_Project/Content/StarterContent/Materials/M_Brick_Clay_Beveled.uasset" 590
"../../../Engine/Content/Functions/Engine_MaterialFunctions03/Procedurals/ComputeFilterWidth.uasset" 591
"../../../Engine/Content/EngineMaterials/AntiAliasedTextMaterialTranslucent.uasset" 592
"../../../../../../Users/Professional/Documents/Unreal Projects/DG_Project/Content/StarterContent/Maps/StarterMap_BuiltData.uasset" 593
"../../../../../../Users/Professional/Documents/Unreal Projects/DG_Project/Content/StarterContent/Textures/T_Concrete_Poured_N.uasset" 594
"../../../../../../Users/Professional/Documents/Unreal Projects/DG_Project/Content/StarterContent/Textures/T_Concrete_Poured_D.uasset" 595
"../../../../../../Users/Professional/Documents/Unreal Projects/DG_Project/Content/StarterContent/Materials/M_Concrete_Poured.uasset" 596
"../../../../../../Users/Professional/Documents/Unreal Projects/DG_Project/Content/StarterContent/Textures/T_Lamp_N.uasset" 597
"../../../../../../Users/Professional/Documents/Unreal Projects/DG_Project/Content/StarterContent/Textures/T_Lamp_M.uasset" 598
"../../../../../../Users/Professional/Documents/Unreal Projects/DG_Project/Content/StarterContent/Props/Materials/M_Lamp.uasset" 599
"../../../../../../Users/Professional/Documents/Unreal Projects/DG_Project/Content/StarterContent/Props/SM_Lamp_Wall.uasset" 600
"../../../../../../Users/Professional/Documents/Unreal Projects/DG_Project/Content/StarterContent/Blueprints/Blueprint_WallSconce.uasset" 601
"../../../../../../Users/Professional/Documents/Unreal Projects/DG_Project/Content/StarterContent/Particles/P_Steam_Lit.uasset" 602
"../../../../../../Users/Professional/Documents/Unreal Projects/DG_Project/Content/StarterContent/Audio/Steam01_Cue.uasset" 603
"../../../../../../Users/Professional/Documents/Unreal Projects/DG_Project/Content/StarterContent/Blueprints/Blueprint_Effect_Steam.uasset" 604
"../../../../../../Users/Professional/Documents/Unreal Projects/DG_Project/Content/StarterContent/Textures/T_Spark_Core.uasset" 605
"../../../../../../Users/Professional/Documents/Unreal Projects/DG_Project/Content/StarterContent/Particles/Materials/M_Spark.uasset" 606
"../../../../../../Users/Professional/Documents/Unreal Projects/DG_Project/Content/StarterContent/Particles/Materials/M_Radial_Gradient.uasset" 607
"../../../../../../Users/Professional/Documents/Unreal Projects/DG_Project/Content/StarterContent/Particles/P_Sparks.uasset" 608
"../../../../../../Users/Professional/Documents/Unreal Projects/DG_Project/Content/StarterContent/Audio/Fire_Sparks01_Cue.uasset" 609
"../../../../../../Users/Professional/Documents/Unreal Projects/DG_Project/Content/StarterContent/Blueprints/Blueprint_Effect_Sparks.uasset" 610
"../../../../../../Users/Professional/Documents/Unreal Projects/DG_Project/Content/StarterContent/Particles/P_Smoke.uasset" 611
"../../../../../../Users/Professional/Documents/Unreal Projects/DG_Project/Content/StarterContent/Audio/Smoke01_Cue.uasset" 612
"../../../../../../Users/Professional/Documents/Unreal Projects/DG_Project/Content/StarterContent/Blueprints/Blueprint_Effect_Smoke.uasset" 613
"../../../../../../Users/Professional/Documents/Unreal Projects/DG_Project/Content/StarterContent/Particles/Materials/M_Heat_Distortion.uasset" 614
"../../../../../../Users/Professional/Documents/Unreal Projects/DG_Project/Content/StarterContent/Textures/T_Fire_Tiled_D.uasset" 615
"../../../../../../Users/Professional/Documents/Unreal Projects/DG_Project/Content/StarterContent/Textures/T_Fire_SubUV.uasset" 616
"../../../../../../Users/Professional/Documents/Unreal Projects/DG_Project/Content/StarterContent/Particles/Materials/M_Fire_SubUV.uasset" 617
"../../../../../../Users/Professional/Documents/Unreal Projects/DG_Project/Content/StarterContent/Particles/P_Fire.uasset" 618
"../../../../../../Users/Professional/Documents/Unreal Projects/DG_Project/Content/StarterContent/Audio/Fire01_Cue.uasset" 619
"../../../../../../Users/Professional/Documents/Unreal Projects/DG_Project/Content/StarterContent/Blueprints/Blueprint_Effect_Fire.uasset" 620
"../../../../../../Users/Professional/Documents/Unreal Projects/DG_Project/Content/StarterContent/Props/SM_Lamp_Ceiling.uasset" 621
"../../../../../../Users/Professional/Documents/Unreal Projects/DG_Project/Content/StarterContent/Blueprints/Blueprint_CeilingLight.uasset" 622
"../../../../../../Users/Professional/Documents/Unreal Projects/DG_Project/Content/StarterContent/Audio/Starter_Music_Cue.uasset" 623
"../../../../../../Users/Professional/Documents/Unreal Projects/DG_Project/Content/StarterContent/Audio/Collapse_Cue.uasset" 624
"../../../../../../Users/Professional/Documents/Unreal Projects/DG_Project/Content/StarterContent/Architecture/Wall_Window_400x300.uasset" 625
"../../../../../../Users/Professional/Documents/Unreal Projects/DG_Project/Content/StarterContent/Architecture/Wall_Door_400x300.uasset" 626
"../../../../../../Users/Professional/Documents/Unreal Projects/DG_Project/Content/StarterContent/Architecture/Wall_400x200.uasset" 627
"../../../../../../Users/Professional/Documents/Unreal Projects/DG_Project/Content/StarterContent/Maps/StarterMap.umap" 628
"../../../../../../Users/Professional/Documents/Unreal Projects/DG_Project/Content/Levels/MainMenu.umap" 629
"../../../../../../Users/Professional/Documents/Unreal Projects/DG_Project/Content/Levels/WorldMap.umap" 630
"../../../../../../Users/Professional/Documents/Unreal Projects/DG_Project/Content/ThirdPersonBP/Maps/ThirdPersonExampleMap_BuiltData.uasset" 631
"../../../../../../Users/Professional/Documents/Unreal Projects/DG_Project/Content/ThirdPersonBP/Maps/ThirdPersonExampleMap.umap" 632
"../../../Engine/Content/Maps/Entry_BuiltData.uasset" 633
"../../../Engine/Content/Maps/Entry.umap" 634
